[debug] [2025-10-07T15:11:56.747Z] ----------------------------------------------------------------------
[debug] [2025-10-07T15:11:56.751Z] Command:       /Users/yashdixit/.nvm/versions/node/v22.15.0/bin/node /Users/yashdixit/.nvm/versions/node/v22.15.0/bin/firebase deploy
[debug] [2025-10-07T15:11:56.751Z] CLI Version:   14.2.1
[debug] [2025-10-07T15:11:56.751Z] Platform:      darwin
[debug] [2025-10-07T15:11:56.751Z] Node Version:  v22.15.0
[debug] [2025-10-07T15:11:56.751Z] Time:          Tue Oct 07 2025 20:41:56 GMT+0530 (India Standard Time)
[debug] [2025-10-07T15:11:56.751Z] ----------------------------------------------------------------------
[debug] 
[debug] [2025-10-07T15:11:56.836Z] > command requires scopes: ["email","openid","https://www.googleapis.com/auth/cloudplatformprojects.readonly","https://www.googleapis.com/auth/firebase","https://www.googleapis.com/auth/cloud-platform"]
[debug] [2025-10-07T15:11:56.837Z] > authorizing via signed-in user (yashdixitsq@gmail.com)
[debug] [2025-10-07T15:11:56.837Z] [iam] checking project filiph-net for permissions ["firebase.projects.get","firebasehosting.sites.update"]
[debug] [2025-10-07T15:11:56.837Z] Checked if tokens are valid: true, expires at: 1759853490378
[debug] [2025-10-07T15:11:56.837Z] Checked if tokens are valid: true, expires at: 1759853490378
[debug] [2025-10-07T15:11:56.838Z] >>> [apiv2][query] POST https://cloudresourcemanager.googleapis.com/v1/projects/filiph-net:testIamPermissions [none]
[debug] [2025-10-07T15:11:56.838Z] >>> [apiv2][(partial)header] POST https://cloudresourcemanager.googleapis.com/v1/projects/filiph-net:testIamPermissions x-goog-quota-user=projects/filiph-net
[debug] [2025-10-07T15:11:56.838Z] >>> [apiv2][body] POST https://cloudresourcemanager.googleapis.com/v1/projects/filiph-net:testIamPermissions {"permissions":["firebase.projects.get","firebasehosting.sites.update"]}
[debug] [2025-10-07T15:11:58.557Z] <<< [apiv2][status] POST https://cloudresourcemanager.googleapis.com/v1/projects/filiph-net:testIamPermissions 200
[debug] [2025-10-07T15:11:58.557Z] <<< [apiv2][body] POST https://cloudresourcemanager.googleapis.com/v1/projects/filiph-net:testIamPermissions {}
[debug] [2025-10-07T15:11:58.558Z] [iam] error while checking permissions, command may fail: Authorization failed. This account is missing the following required permissions on project filiph-net:

  firebase.projects.get
  firebasehosting.sites.update
[debug] [2025-10-07T15:11:58.558Z] Checked if tokens are valid: true, expires at: 1759853490378
[debug] [2025-10-07T15:11:58.558Z] Checked if tokens are valid: true, expires at: 1759853490378
[debug] [2025-10-07T15:11:58.558Z] >>> [apiv2][query] GET https://firebase.googleapis.com/v1beta1/projects/filiph-net [none]
[debug] [2025-10-07T15:11:59.270Z] <<< [apiv2][status] GET https://firebase.googleapis.com/v1beta1/projects/filiph-net 403
[debug] [2025-10-07T15:11:59.270Z] <<< [apiv2][body] GET https://firebase.googleapis.com/v1beta1/projects/filiph-net {"error":{"code":403,"message":"The caller does not have permission","status":"PERMISSION_DENIED"}}
[debug] [2025-10-07T15:11:59.271Z] Request to https://firebase.googleapis.com/v1beta1/projects/filiph-net had HTTP Error: 403, The caller does not have permission
[debug] [2025-10-07T15:11:59.379Z] FirebaseError: Request to https://firebase.googleapis.com/v1beta1/projects/filiph-net had HTTP Error: 403, The caller does not have permission
    at responseToError (/Users/yashdixit/.nvm/versions/node/v22.15.0/lib/node_modules/firebase-tools/lib/responseToError.js:52:12)
    at RetryOperation._fn (/Users/yashdixit/.nvm/versions/node/v22.15.0/lib/node_modules/firebase-tools/lib/apiv2.js:312:77)
    at process.processTicksAndRejections (node:internal/process/task_queues:105:5)
[error] 
[error] Error: Failed to get Firebase project filiph-net. Please make sure the project exists and your account has permission to access it.
